2026.06.11 21:48:42 INFO  Started: Metals version 1.6.7 in folders 'C:\Users\makwa\OneDrive\Documents\Visual Studio 2012\shopping-app' for client Visual Studio Code 1.124.0.
2026.06.11 21:48:42 INFO  time: initialize in 0.13s
2026.06.11 21:48:42 INFO  Memory monitor started
2026.06.11 21:48:49 WARN  Using H2 2.4.240 which is newer than the version Flyway has been verified with. The latest verified version of H2 is 2.3.232.
2026.06.11 21:48:50 INFO  no build target found for C:\Users\makwa\OneDrive\Documents\Visual Studio 2012\shopping-app\src\test\java\com\shopping\MainTest.java. Using fallback presentation compiler.
2026.06.11 21:48:52 INFO  no build target found for C:\Users\makwa\OneDrive\Documents\Visual Studio 2012\shopping-app\src\test\java\com\shopping\MainTest.java. Using fallback presentation compiler.
Jun 11, 2026 9:48:52 PM org.eclipse.lsp4j.jsonrpc.RemoteEndpoint handleCancellation
WARNING: Unmatched cancel notification for request id 3
2026.06.11 21:49:01 WARN  no build target for: C:\Users\makwa\OneDrive\Documents\Visual Studio 2012\shopping-app\src\test\java\com\shopping\MainTest.java
2026.06.11 21:49:01 INFO  no build target found for C:\Users\makwa\OneDrive\Documents\Visual Studio 2012\shopping-app\src\test\java\com\shopping\MainTest.java. Using fallback presentation compiler.
2026.06.11 21:49:02 WARN  Running javac-semanticdb failed for file:///C:/Users/makwa/OneDrive/Documents/Visual%20Studio%202012/shopping-app/src/test/java/com/shopping/MainTest.java. Output:

2026.06.11 21:49:02 INFO  time: code lens generation in 1.02s
2026.06.11 21:49:27 INFO  no build target found for C:\Users\makwa\OneDrive\Documents\Visual Studio 2012\shopping-app\src\test\java\com\shopping\MainTest.java. Using fallback presentation compiler.
2026.06.11 21:50:17 INFO  no build target found for C:\Users\makwa\OneDrive\Documents\Visual Studio 2012\shopping-app\src\test\java\com\shopping\MainTest.java. Using fallback presentation compiler.
2026.06.11 21:50:17 INFO  no build target found for C:\Users\makwa\OneDrive\Documents\Visual Studio 2012\shopping-app\src\test\java\com\shopping\MainTest.java. Using fallback presentation compiler.
2026.06.11 21:50:18 INFO  no build target found for C:\Users\makwa\OneDrive\Documents\Visual Studio 2012\shopping-app\src\test\java\com\shopping\MainTest.java. Using fallback presentation compiler.
2026.06.11 21:50:18 INFO  no build target found for C:\Users\makwa\OneDrive\Documents\Visual Studio 2012\shopping-app\src\test\java\com\shopping\MainTest.java. Using fallback presentation compiler.
Jun 11, 2026 9:50:20 PM org.eclipse.lsp4j.jsonrpc.RemoteEndpoint handleCancellation
WARNING: Unmatched cancel notification for request id 15
Jun 11, 2026 9:50:20 PM org.eclipse.lsp4j.jsonrpc.RemoteEndpoint handleCancellation
WARNING: Unmatched cancel notification for request id 16
Jun 11, 2026 9:50:20 PM org.eclipse.lsp4j.jsonrpc.RemoteEndpoint handleCancellation
WARNING: Unmatched cancel notification for request id 17
2026.06.11 21:50:20 INFO  no build target found for C:\Users\makwa\OneDrive\Documents\Visual Studio 2012\shopping-app\src\test\java\com\shopping\MainTest.java. Using fallback presentation compiler.
Jun 11, 2026 9:50:20 PM org.eclipse.lsp4j.jsonrpc.RemoteEndpoint handleCancellation
WARNING: Unmatched cancel notification for request id 18
2026.06.11 21:50:20 INFO  no build target found for C:\Users\makwa\OneDrive\Documents\Visual Studio 2012\shopping-app\src\test\java\com\shopping\MainTest.java. Using fallback presentation compiler.
2026.06.11 21:50:39 INFO  no build target found for C:\Users\makwa\OneDrive\Documents\Visual Studio 2012\shopping-app\src\test\java\com\shopping\MainTest.java. Using fallback presentation compiler.
2026.06.11 21:50:40 INFO  no build target found for C:\Users\makwa\OneDrive\Documents\Visual Studio 2012\shopping-app\src\test\java\com\shopping\MainTest.java. Using fallback presentation compiler.
2026.06.11 21:50:41 INFO  no build target found for C:\Users\makwa\OneDrive\Documents\Visual Studio 2012\shopping-app\src\test\java\com\shopping\MainTest.java. Using fallback presentation compiler.
2026.06.11 21:50:58 INFO  no build target found for C:\Users\makwa\OneDrive\Documents\Visual Studio 2012\shopping-app\src\test\java\com\shopping\MainTest.java. Using fallback presentation compiler.
2026.06.11 21:50:59 INFO  no build target found for C:\Users\makwa\OneDrive\Documents\Visual Studio 2012\shopping-app\src\test\java\com\shopping\MainTest.java. Using fallback presentation compiler.
2026.06.11 21:51:16 INFO  no build target found for C:\Users\makwa\OneDrive\Documents\Visual Studio 2012\shopping-app\src\test\java\com\shopping\MainTest.java. Using fallback presentation compiler.
2026.06.11 21:51:43 INFO  no build target found for C:\Users\makwa\OneDrive\Documents\Visual Studio 2012\shopping-app\src\test\java\com\shopping\MainTest.java. Using fallback presentation compiler.
2026.06.11 21:51:57 INFO  no build target found for C:\Users\makwa\OneDrive\Documents\Visual Studio 2012\shopping-app\src\test\java\com\shopping\MainTest.java. Using fallback presentation compiler.
2026.06.11 21:52:00 INFO  no build target found for C:\Users\makwa\OneDrive\Documents\Visual Studio 2012\shopping-app\src\test\java\com\shopping\MainTest.java. Using fallback presentation compiler.
2026.06.11 22:05:44 INFO  no build target found for C:\Users\makwa\OneDrive\Documents\Visual Studio 2012\shopping-app\src\test\java\com\shopping\MainTest.java. Using fallback presentation compiler.
2026.06.11 22:05:45 INFO  no build target found for C:\Users\makwa\OneDrive\Documents\Visual Studio 2012\shopping-app\src\test\java\com\shopping\MainTest.java. Using fallback presentation compiler.
2026.06.11 22:05:45 INFO  no build target found for C:\Users\makwa\OneDrive\Documents\Visual Studio 2012\shopping-app\src\test\java\com\shopping\MainTest.java. Using fallback presentation compiler.
Jun 11, 2026 10:05:45 PM org.eclipse.lsp4j.jsonrpc.RemoteEndpoint handleCancellation
WARNING: Unmatched cancel notification for request id 43
2026.06.11 22:05:45 INFO  no build target found for C:\Users\makwa\OneDrive\Documents\Visual Studio 2012\shopping-app\src\test\java\com\shopping\MainTest.java. Using fallback presentation compiler.
2026.06.11 22:05:45 INFO  no build target found for C:\Users\makwa\OneDrive\Documents\Visual Studio 2012\shopping-app\src\test\java\com\shopping\MainTest.java. Using fallback presentation compiler.
2026.06.11 22:05:46 INFO  no build target found for C:\Users\makwa\OneDrive\Documents\Visual Studio 2012\shopping-app\src\test\java\com\shopping\MainTest.java. Using fallback presentation compiler.
Jun 11, 2026 10:05:46 PM org.eclipse.lsp4j.jsonrpc.RemoteEndpoint handleCancellation
WARNING: Unmatched cancel notification for request id 44
Jun 11, 2026 10:05:46 PM org.eclipse.lsp4j.jsonrpc.RemoteEndpoint handleCancellation
WARNING: Unmatched cancel notification for request id 46
2026.06.11 22:05:46 INFO  no build target found for C:\Users\makwa\OneDrive\Documents\Visual Studio 2012\shopping-app\src\test\java\com\shopping\MainTest.java. Using fallback presentation compiler.
Jun 11, 2026 10:05:47 PM org.eclipse.lsp4j.jsonrpc.RemoteEndpoint handleCancellation
WARNING: Unmatched cancel notification for request id 47
2026.06.11 22:05:46 INFO  no build target found for C:\Users\makwa\OneDrive\Documents\Visual Studio 2012\shopping-app\src\test\java\com\shopping\MainTest.java. Using fallback presentation compiler.
2026.06.11 22:05:46 INFO  no build target found for C:\Users\makwa\OneDrive\Documents\Visual Studio 2012\shopping-app\src\test\java\com\shopping\MainTest.java. Using fallback presentation compiler.
2026.06.11 22:06:00 INFO  no build target found for C:\Users\makwa\OneDrive\Documents\Visual Studio 2012\shopping-app\src\test\java\com\shopping\MainTest.java. Using fallback presentation compiler.
2026.06.11 22:06:01 INFO  no build target found for C:\Users\makwa\OneDrive\Documents\Visual Studio 2012\shopping-app\src\test\java\com\shopping\MainTest.java. Using fallback presentation compiler.
2026.06.11 22:06:01 INFO  no build target found for C:\Users\makwa\OneDrive\Documents\Visual Studio 2012\shopping-app\src\test\java\com\shopping\MainTest.java. Using fallback presentation compiler.
2026.06.11 22:13:54 INFO  no build target found for C:\Users\makwa\OneDrive\Documents\Visual Studio 2012\shopping-app\src\test\java\com\shopping\MainTest.java. Using fallback presentation compiler.
2026.06.11 22:13:57 INFO  no build target found for C:\Users\makwa\OneDrive\Documents\Visual Studio 2012\shopping-app\src\test\java\com\shopping\MainTest.java. Using fallback presentation compiler.
2026.06.11 22:13:57 INFO  no build target found for C:\Users\makwa\OneDrive\Documents\Visual Studio 2012\shopping-app\src\test\java\com\shopping\MainTest.java. Using fallback presentation compiler.
Jun 11, 2026 10:13:57 PM org.eclipse.lsp4j.jsonrpc.RemoteEndpoint handleCancellation
WARNING: Unmatched cancel notification for request id 55
2026.06.11 22:13:57 INFO  no build target found for C:\Users\makwa\OneDrive\Documents\Visual Studio 2012\shopping-app\src\test\java\com\shopping\MainTest.java. Using fallback presentation compiler.
2026.06.11 22:13:57 INFO  no build target found for C:\Users\makwa\OneDrive\Documents\Visual Studio 2012\shopping-app\src\test\java\com\shopping\MainTest.java. Using fallback presentation compiler.
2026.06.11 22:13:57 INFO  no build target found for C:\Users\makwa\OneDrive\Documents\Visual Studio 2012\shopping-app\src\test\java\com\shopping\MainTest.java. Using fallback presentation compiler.
Jun 11, 2026 10:13:57 PM org.eclipse.lsp4j.jsonrpc.RemoteEndpoint handleCancellation
WARNING: Unmatched cancel notification for request id 56
2026.06.11 22:20:07 INFO  no build target found for C:\Users\makwa\OneDrive\Documents\Visual Studio 2012\shopping-app\src\main\java\com\shopping\Main.java. Using fallback presentation compiler.
2026.06.11 22:20:08 WARN  no build target for: C:\Users\makwa\OneDrive\Documents\Visual Studio 2012\shopping-app\src\main\java\com\shopping\Main.java
2026.06.11 22:20:12 WARN  no build target for: C:\Users\makwa\OneDrive\Documents\Visual Studio 2012\shopping-app\src\main\java\com\shopping\Main.java
2026.06.11 22:20:12 INFO  no build target found for C:\Users\makwa\OneDrive\Documents\Visual Studio 2012\shopping-app\src\main\java\com\shopping\Main.java. Using fallback presentation compiler.
Jun 11, 2026 10:20:12 PM org.eclipse.lsp4j.jsonrpc.RemoteEndpoint handleCancellation
WARNING: Unmatched cancel notification for request id 59
2026.06.11 22:20:12 WARN  Running javac-semanticdb failed for file:///C:/Users/makwa/OneDrive/Documents/Visual%20Studio%202012/shopping-app/src/main/java/com/shopping/Main.java. Output:

2026.06.11 22:20:15 INFO  no build target found for C:\Users\makwa\OneDrive\Documents\Visual Studio 2012\shopping-app\src\main\java\com\shopping\Main.java. Using fallback presentation compiler.
2026.06.11 22:20:17 INFO  no build target found for C:\Users\makwa\OneDrive\Documents\Visual Studio 2012\shopping-app\src\test\java\com\shopping\MainTest.java. Using fallback presentation compiler.
Jun 11, 2026 10:20:17 PM org.eclipse.lsp4j.jsonrpc.RemoteEndpoint handleCancellation
WARNING: Unmatched cancel notification for request id 67
2026.06.11 22:20:17 WARN  no build target for: C:\Users\makwa\OneDrive\Documents\Visual Studio 2012\shopping-app\src\test\java\com\shopping\MainTest.java
2026.06.11 22:20:17 INFO  no build target found for C:\Users\makwa\OneDrive\Documents\Visual Studio 2012\shopping-app\src\test\java\com\shopping\MainTest.java. Using fallback presentation compiler.
2026.06.11 22:20:22 INFO  no build target found for C:\Users\makwa\OneDrive\Documents\Visual Studio 2012\shopping-app\src\test\java\com\shopping\MainTest.java. Using fallback presentation compiler.
2026.06.11 22:22:19 INFO  no build target found for C:\Users\makwa\OneDrive\Documents\Visual Studio 2012\shopping-app\src\test\java\com\shopping\MainTest.java. Using fallback presentation compiler.
